INFO:  latexindent version 3.23.2, 2023-09-23, a script to indent .tex files
       latexindent lives here: /home/huntfeng/texlive/2023/texmf-dist/scripts/latexindent/
       Mon Nov 27 12:21:11 2023
       Filename: /home/huntfeng/projects/dense-plasma-focus/4-lee-model/__latexindent_temp_review.tex
INFO:  Processing switches:
       -y|--yaml: YAML settings specified via command line
       -c|--cruft: cruft directory
INFO:  Directory for backup files and /home/huntfeng/projects/dense-plasma-focus/3-material-processing//indent.log:
       /home/huntfeng/projects/dense-plasma-focus/3-material-processing/
INFO:  YAML settings read: defaultSettings.yaml
       Reading defaultSettings.yaml from /home/huntfeng/texlive/2023/texmf-dist/scripts/latexindent/defaultSettings.yaml
INFO:  YAML reading settings
       Home directory is /home/huntfeng
       latexindent.pl didn't find indentconfig.yaml or .indentconfig.yaml
       see all possible locations: https://latexindentpl.readthedocs.io/en/latest/sec-appendices.html#indentconfig-options)
INFO:  YAML settings read: -y switch
       YAML setting: defaultIndent:'    '
       single-quoted string found in -y switch: '    ', substitute to     
       Updating mainSettings with defaultIndent:     
INFO:  Phase 1: searching for objects
INFO:  Phase 2: finding surrounding indentation
INFO:  Phase 3: indenting objects
INFO:  Phase 4: final indentation check
INFO:  Output routine:
       Not outputting to file; see -w and -o switches for more options.
       --------------
INFO:  Please direct all communication/issues to:
        https://github.com/cmhughes/latexindent.pl
